<?xml version="1.0" encoding="UTF-8"?>
<!-- Generated by org.testng.reporters.JUnitXMLReporter -->
<testsuite hostname="DELL" failures="0" tests="9" name="Default test" time="40.148" errors="0" timestamp="28 Nov 2022 14:26:22 GMT">
  <testcase classname="koowebapp.koo" name="t1" time="3.206"/>
  <testcase classname="koowebapp.koo" name="t2" time="5.172"/>
  <testcase classname="koowebapp.koo" name="t3" time="3.094"/>
  <testcase classname="koowebapp.koo" name="t4" time="3.218"/>
  <testcase classname="koowebapp.koo" name="t5" time="3.352"/>
  <testcase classname="koowebapp.koo" name="t6" time="3.129"/>
  <testcase classname="koowebapp.koo" name="t7" time="3.135"/>
  <testcase classname="koowebapp.koo" name="t8" time="3.125"/>
  <testcase classname="koowebapp.koo" name="t9" time="3.111"/>
</testsuite> <!-- Default test -->
