<?xml version="1.0" encoding="UTF-8"?>
<testng-results total="9" passed="9" failed="0" skipped="0">
  <reporter-output>
  </reporter-output>
  <suite started-at="2022-11-28T15:33:29Z" name="Surefire suite" finished-at="2022-11-28T15:34:10Z" duration-ms="40241">
    <groups>
    </groups>
    <test started-at="2022-11-28T15:33:29Z" name="Surefire test" finished-at="2022-11-28T15:34:10Z" duration-ms="40241">
      <class name="koowebapp.koo">
        <test-method is-config="true" signature="BeT()[pri:0, instance:koowebapp.koo@6989da5e]" started-at="2022-11-28T21:03:29Z" name="BeT" finished-at="2022-11-28T21:03:39Z" duration-ms="9278" status="PASS">
          <reporter-output>
          </reporter-output>
        </test-method> <!-- BeT -->
        <test-method signature="t1()[pri:0, instance:koowebapp.koo@6989da5e]" started-at="2022-11-28T21:03:39Z" name="t1" finished-at="2022-11-28T21:03:42Z" duration-ms="3104" status="PASS">
          <reporter-output>
          </reporter-output>
        </test-method> <!-- t1 -->
        <test-method signature="t2()[pri:0, instance:koowebapp.koo@6989da5e]" started-at="2022-11-28T21:03:42Z" name="t2" finished-at="2022-11-28T21:03:47Z" duration-ms="5167" status="PASS">
          <reporter-output>
          </reporter-output>
        </test-method> <!-- t2 -->
        <test-method signature="t3()[pri:0, instance:koowebapp.koo@6989da5e]" started-at="2022-11-28T21:03:47Z" name="t3" finished-at="2022-11-28T21:03:50Z" duration-ms="3088" status="PASS">
          <reporter-output>
          </reporter-output>
        </test-method> <!-- t3 -->
        <test-method signature="t4()[pri:0, instance:koowebapp.koo@6989da5e]" started-at="2022-11-28T21:03:50Z" name="t4" finished-at="2022-11-28T21:03:53Z" duration-ms="3192" status="PASS">
          <reporter-output>
          </reporter-output>
        </test-method> <!-- t4 -->
        <test-method signature="t5()[pri:0, instance:koowebapp.koo@6989da5e]" started-at="2022-11-28T21:03:53Z" name="t5" finished-at="2022-11-28T21:03:56Z" duration-ms="3231" status="PASS">
          <reporter-output>
          </reporter-output>
        </test-method> <!-- t5 -->
        <test-method signature="t6()[pri:0, instance:koowebapp.koo@6989da5e]" started-at="2022-11-28T21:03:56Z" name="t6" finished-at="2022-11-28T21:04:00Z" duration-ms="3151" status="PASS">
          <reporter-output>
          </reporter-output>
        </test-method> <!-- t6 -->
        <test-method signature="t7()[pri:0, instance:koowebapp.koo@6989da5e]" started-at="2022-11-28T21:04:00Z" name="t7" finished-at="2022-11-28T21:04:03Z" duration-ms="3119" status="PASS">
          <reporter-output>
          </reporter-output>
        </test-method> <!-- t7 -->
        <test-method signature="t8()[pri:0, instance:koowebapp.koo@6989da5e]" started-at="2022-11-28T21:04:03Z" name="t8" finished-at="2022-11-28T21:04:06Z" duration-ms="3093" status="PASS">
          <reporter-output>
          </reporter-output>
        </test-method> <!-- t8 -->
        <test-method signature="t9()[pri:0, instance:koowebapp.koo@6989da5e]" started-at="2022-11-28T21:04:06Z" name="t9" finished-at="2022-11-28T21:04:09Z" duration-ms="3109" status="PASS">
          <reporter-output>
          </reporter-output>
        </test-method> <!-- t9 -->
        <test-method is-config="true" signature="t10()[pri:0, instance:koowebapp.koo@6989da5e]" started-at="2022-11-28T21:04:09Z" name="t10" finished-at="2022-11-28T21:04:10Z" duration-ms="682" status="PASS">
          <reporter-output>
          </reporter-output>
        </test-method> <!-- t10 -->
      </class> <!-- koowebapp.koo -->
    </test> <!-- Surefire test -->
  </suite> <!-- Surefire suite -->
</testng-results>
