<?xml version="1.0" encoding="UTF-8"?>
<testsuite xmlns:xsi="http://www.w3.org/2001/XMLSchema-instance" xsi:noNamespaceSchemaLocation="https://maven.apache.org/surefire/maven-surefire-plugin/xsd/surefire-test-report-3.0.xsd" version="3.0" name="koowebapp.koo" time="40.679" tests="9" errors="0" skipped="0" failures="0">
  <properties>
[...]
</properties>
  <testcase name="t1" classname="koowebapp.koo" time="3.068">
    <system-err><![CDATA[SLF4J: Failed to load class "org.slf4j.impl.StaticLoggerBinder".
SLF4J: Defaulting to no-operation (NOP) logger implementation
SLF4J: See http://www.slf4j.org/codes.html#StaticLoggerBinder for further details.
Starting ChromeDriver 107.0.5304.62 (1eec40d3a5764881c92085aaee66d25075c159aa-refs/branch-heads/5304@{#942}) on port 53467
Only local connections are allowed.
Please see https://chromedriver.chromium.org/security-considerations for suggestions on keeping ChromeDriver safe.
ChromeDriver was started successfully.
Nov 28, 2022 9:03:34 PM org.openqa.selenium.remote.ProtocolHandshake createSession
INFO: Detected upstream dialect: W3C
Nov 28, 2022 9:03:34 PM org.openqa.selenium.devtools.CdpVersionFinder findNearestMatch
WARNING: Unable to find an exact match for CDP version 107, so returning the closest version found: 106
Nov 28, 2022 9:03:34 PM org.openqa.selenium.devtools.CdpVersionFinder findNearestMatch
INFO: Found CDP implementation for version 107 of 106
]]></system-err>
  </testcase>
  <testcase name="t2" classname="koowebapp.koo" time="5.163"/>
  <testcase name="t3" classname="koowebapp.koo" time="3.089"/>
  <testcase name="t4" classname="koowebapp.koo" time="3.192"/>
  <testcase name="t5" classname="koowebapp.koo" time="3.233"/>
  <testcase name="t6" classname="koowebapp.koo" time="3.151"/>
  <testcase name="t7" classname="koowebapp.koo" time="3.118"/>
  <testcase name="t8" classname="koowebapp.koo" time="3.094"/>
  <testcase name="t9" classname="koowebapp.koo" time="3.11"/>
</testsuite>